000 (053.000.000) 02/27 16:32:46 Job submitted from host: <128.83.144.63:9618?addrs=128.83.144.63-9618+[--1]-9618&noUDP&sock=22929_f71f_4>
...
001 (053.000.000) 02/27 16:32:59 Job executing on host: <128.83.120.234:9618?addrs=128.83.120.234-9618+[--1]-9618&noUDP&sock=1278_2e20_3>
...
006 (053.000.000) 02/27 16:33:07 Image size of job updated: 131480
	67  -  MemoryUsage of job (MB)
	68120  -  ResidentSetSize of job (KB)
...
006 (053.000.000) 02/27 16:38:07 Image size of job updated: 328388
	190  -  MemoryUsage of job (MB)
	194256  -  ResidentSetSize of job (KB)
...
006 (053.000.000) 02/27 16:43:08 Image size of job updated: 328420
	190  -  MemoryUsage of job (MB)
	194288  -  ResidentSetSize of job (KB)
...
006 (053.000.000) 02/27 16:48:09 Image size of job updated: 328448
	190  -  MemoryUsage of job (MB)
	194316  -  ResidentSetSize of job (KB)
...
006 (053.000.000) 02/27 16:53:09 Image size of job updated: 328452
	190  -  MemoryUsage of job (MB)
	194320  -  ResidentSetSize of job (KB)
...
006 (053.000.000) 02/27 16:58:10 Image size of job updated: 328476
	190  -  MemoryUsage of job (MB)
	194344  -  ResidentSetSize of job (KB)
...
005 (053.000.000) 02/27 16:59:17 Job terminated.
	(1) Normal termination (return value 0)
		Usr 0 00:37:40, Sys 0 00:06:31  -  Run Remote Usage
		Usr 0 00:00:00, Sys 0 00:00:00  -  Run Local Usage
		Usr 0 00:37:40, Sys 0 00:06:31  -  Total Remote Usage
		Usr 0 00:00:00, Sys 0 00:00:00  -  Total Local Usage
	0  -  Run Bytes Sent By Job
	0  -  Run Bytes Received By Job
	0  -  Total Bytes Sent By Job
	0  -  Total Bytes Received By Job
	Partitionable Resources :    Usage  Request Allocated
	   Cpus                 :                 1         6
	   Disk (KB)            :     1250     1250 188983170
	   Gpus                 :                 1         1
	   Memory (MB)          :      190        2     32164
...
000 (034.000.000) 03/02 16:28:19 Job submitted from host: <128.83.130.135:9618?addrs=128.83.130.135-9618+[--1]-9618&noUDP&sock=1682_4a63_4>
...
001 (034.000.000) 03/02 16:29:06 Job executing on host: <128.83.120.243:9618?addrs=128.83.120.243-9618+[--1]-9618&noUDP&sock=1280_8d50_3>
...
006 (034.000.000) 03/02 16:29:14 Image size of job updated: 164512
	67  -  MemoryUsage of job (MB)
	68320  -  ResidentSetSize of job (KB)
...
006 (034.000.000) 03/02 16:29:25 Image size of job updated: 265840
	67  -  MemoryUsage of job (MB)
	68320  -  ResidentSetSize of job (KB)
...
005 (034.000.000) 03/02 16:29:25 Job terminated.
	(1) Normal termination (return value 1)
		Usr 0 00:00:04, Sys 0 00:00:01  -  Run Remote Usage
		Usr 0 00:00:00, Sys 0 00:00:00  -  Run Local Usage
		Usr 0 00:00:04, Sys 0 00:00:01  -  Total Remote Usage
		Usr 0 00:00:00, Sys 0 00:00:00  -  Total Local Usage
	0  -  Run Bytes Sent By Job
	0  -  Run Bytes Received By Job
	0  -  Total Bytes Sent By Job
	0  -  Total Bytes Received By Job
	Partitionable Resources :    Usage  Request Allocated
	   Cpus                 :                 1         6
	   Disk (KB)            :     1250     1250 188983170
	   Gpus                 :                 1         1
	   Memory (MB)          :       67        2     32164
...
000 (058.000.000) 03/02 21:05:38 Job submitted from host: <128.83.144.63:9618?addrs=128.83.144.63-9618+[--1]-9618&noUDP&sock=22274_b097_4>
...
001 (058.000.000) 03/02 21:05:50 Job executing on host: <128.83.120.160:9618?addrs=128.83.120.160-9618+[--1]-9618&noUDP&sock=1243_2c4f_3>
...
006 (058.000.000) 03/02 21:05:59 Image size of job updated: 186828
	93  -  MemoryUsage of job (MB)
	94212  -  ResidentSetSize of job (KB)
...
006 (058.000.000) 03/02 21:11:00 Image size of job updated: 1185448
	719  -  MemoryUsage of job (MB)
	736252  -  ResidentSetSize of job (KB)
...
004 (058.000.000) 03/02 21:14:08 Job was evicted.
	(0) Job was not checkpointed.
		Usr 0 00:12:40, Sys 0 00:01:21  -  Run Remote Usage
		Usr 0 00:00:00, Sys 0 00:00:00  -  Run Local Usage
	0  -  Run Bytes Sent By Job
	0  -  Run Bytes Received By Job
	Partitionable Resources :    Usage  Request Allocated
	   Cpus                 :                 1         6
	   Disk (KB)            :     1250     1250 198106818
	   Gpus                 :                 1         1
	   Memory (MB)          :      719        2     32164
...
009 (058.000.000) 03/02 21:14:09 Job was aborted by the user.
	via condor_rm (by user mgiordan)
...
000 (059.000.000) 03/02 21:17:28 Job submitted from host: <128.83.144.63:9618?addrs=128.83.144.63-9618+[--1]-9618&noUDP&sock=22274_b097_4>
...
001 (059.000.000) 03/02 21:17:52 Job executing on host: <128.83.120.160:9618?addrs=128.83.120.160-9618+[--1]-9618&noUDP&sock=1243_2c4f_3>
...
006 (059.000.000) 03/02 21:18:00 Image size of job updated: 163236
	160  -  MemoryUsage of job (MB)
	163236  -  ResidentSetSize of job (KB)
...
006 (059.000.000) 03/02 21:23:00 Image size of job updated: 750576
	723  -  MemoryUsage of job (MB)
	740272  -  ResidentSetSize of job (KB)
...
006 (059.000.000) 03/02 21:28:02 Image size of job updated: 750596
	723  -  MemoryUsage of job (MB)
	740292  -  ResidentSetSize of job (KB)
...
006 (059.000.000) 03/02 21:33:02 Image size of job updated: 750600
	723  -  MemoryUsage of job (MB)
	740296  -  ResidentSetSize of job (KB)
...
006 (059.000.000) 03/02 21:38:02 Image size of job updated: 750604
	723  -  MemoryUsage of job (MB)
	740300  -  ResidentSetSize of job (KB)
...
000 (060.000.000) 03/02 21:39:10 Job submitted from host: <128.83.144.63:9618?addrs=128.83.144.63-9618+[--1]-9618&noUDP&sock=22274_b097_4>
...
001 (060.000.000) 03/02 21:39:16 Job executing on host: <128.83.120.236:9618?addrs=128.83.120.236-9618+[--1]-9618&noUDP&sock=1361_1c7c_3>
...
006 (060.000.000) 03/02 21:39:24 Image size of job updated: 76
	1  -  MemoryUsage of job (MB)
	76  -  ResidentSetSize of job (KB)
...
004 (059.000.000) 03/02 21:39:45 Job was evicted.
	(0) Job was not checkpointed.
		Usr 0 00:34:24, Sys 0 00:03:36  -  Run Remote Usage
		Usr 0 00:00:00, Sys 0 00:00:00  -  Run Local Usage
	0  -  Run Bytes Sent By Job
	0  -  Run Bytes Received By Job
	Partitionable Resources :    Usage  Request Allocated
	   Cpus                 :                 1         6
	   Disk (KB)            :     1250     1250 198106830
	   Gpus                 :                 1         1
	   Memory (MB)          :      723        2     32164
...
004 (060.000.000) 03/02 21:39:45 Job was evicted.
	(0) Job was not checkpointed.
		Usr 0 00:00:00, Sys 0 00:00:00  -  Run Remote Usage
		Usr 0 00:00:00, Sys 0 00:00:00  -  Run Local Usage
	0  -  Run Bytes Sent By Job
	0  -  Run Bytes Received By Job
	Partitionable Resources :    Usage  Request Allocated
	   Cpus                 :                 1         6
	   Disk (KB)            :       35       35 188983158
	   Gpus                 :                 1         1
	   Memory (MB)          :        1        1     32164
...
009 (059.000.000) 03/02 21:39:45 Job was aborted by the user.
	via condor_rm (by user mgiordan)
...
009 (060.000.000) 03/02 21:39:45 Job was aborted by the user.
	via condor_rm (by user mgiordan)
...
000 (062.000.000) 03/02 22:53:21 Job submitted from host: <128.83.144.63:9618?addrs=128.83.144.63-9618+[--1]-9618&noUDP&sock=22274_b097_4>
...
001 (062.000.000) 03/02 22:53:27 Job executing on host: <128.83.139.18:9618?addrs=128.83.139.18-9618+[--1]-9618&noUDP&sock=1226_8333_3>
...
006 (062.000.000) 03/02 22:53:35 Image size of job updated: 159992
	73  -  MemoryUsage of job (MB)
	74468  -  ResidentSetSize of job (KB)
...
006 (062.000.000) 03/02 22:57:06 Image size of job updated: 1190704
	722  -  MemoryUsage of job (MB)
	738952  -  ResidentSetSize of job (KB)
...
004 (062.000.000) 03/02 22:57:06 Job was evicted.
	(0) Job was not checkpointed.
		Usr 0 00:04:48, Sys 0 00:00:33  -  Run Remote Usage
		Usr 0 00:00:00, Sys 0 00:00:00  -  Run Local Usage
	0  -  Run Bytes Sent By Job
	0  -  Run Bytes Received By Job
	Partitionable Resources :    Usage  Request Allocated
	   Cpus                 :                 1         4
	   Disk (KB)            :     1250     1250 198073666
	   Gpus                 :                 1         1
	   Memory (MB)          :      722        2     28153
...
009 (062.000.000) 03/02 22:57:06 Job was aborted by the user.
	via condor_rm (by user mgiordan)
...
000 (063.000.000) 03/02 23:02:06 Job submitted from host: <128.83.144.63:9618?addrs=128.83.144.63-9618+[--1]-9618&noUDP&sock=22274_b097_4>
...
001 (063.000.000) 03/02 23:02:21 Job executing on host: <128.83.120.234:9618?addrs=128.83.120.234-9618+[--1]-9618&noUDP&sock=1278_2e20_3>
...
006 (063.000.000) 03/02 23:02:30 Image size of job updated: 178700
	85  -  MemoryUsage of job (MB)
	86688  -  ResidentSetSize of job (KB)
...
006 (063.000.000) 03/02 23:07:31 Image size of job updated: 1189556
	723  -  MemoryUsage of job (MB)
	740340  -  ResidentSetSize of job (KB)
...
005 (063.000.000) 03/02 23:07:47 Job terminated.
	(1) Normal termination (return value 0)
		Usr 0 00:07:50, Sys 0 00:00:54  -  Run Remote Usage
		Usr 0 00:00:00, Sys 0 00:00:00  -  Run Local Usage
		Usr 0 00:07:50, Sys 0 00:00:54  -  Total Remote Usage
		Usr 0 00:00:00, Sys 0 00:00:00  -  Total Local Usage
	0  -  Run Bytes Sent By Job
	0  -  Run Bytes Received By Job
	0  -  Total Bytes Sent By Job
	0  -  Total Bytes Received By Job
	Partitionable Resources :    Usage  Request Allocated
	   Cpus                 :                 1         6
	   Disk (KB)            :     1250     1250 188905478
	   Gpus                 :                 1         1
	   Memory (MB)          :      723        2     32164
...
000 (064.000.000) 03/02 23:45:20 Job submitted from host: <128.83.144.63:9618?addrs=128.83.144.63-9618+[--1]-9618&noUDP&sock=22274_b097_4>
...
001 (064.000.000) 03/02 23:45:41 Job executing on host: <128.83.120.143:9618?addrs=128.83.120.143-9618+[--1]-9618&noUDP&sock=1231_f12c_3>
...
006 (064.000.000) 03/02 23:45:50 Image size of job updated: 157276
	86  -  MemoryUsage of job (MB)
	87256  -  ResidentSetSize of job (KB)
...
006 (064.000.000) 03/02 23:48:17 Image size of job updated: 323884
	86  -  MemoryUsage of job (MB)
	87256  -  ResidentSetSize of job (KB)
...
005 (064.000.000) 03/02 23:48:17 Job terminated.
	(1) Normal termination (return value 0)
		Usr 0 00:03:25, Sys 0 00:00:33  -  Run Remote Usage
		Usr 0 00:00:00, Sys 0 00:00:00  -  Run Local Usage
		Usr 0 00:03:25, Sys 0 00:00:33  -  Total Remote Usage
		Usr 0 00:00:00, Sys 0 00:00:00  -  Total Local Usage
	0  -  Run Bytes Sent By Job
	0  -  Run Bytes Received By Job
	0  -  Total Bytes Sent By Job
	0  -  Total Bytes Received By Job
	Partitionable Resources :    Usage  Request Allocated
	   Cpus                 :                 1         6
	   Disk (KB)            :     1250     1250 198106818
	   Gpus                 :                 1         1
	   Memory (MB)          :       86        2     32164
...
000 (065.000.000) 03/03 09:06:51 Job submitted from host: <128.83.144.63:9618?addrs=128.83.144.63-9618+[--1]-9618&noUDP&sock=22274_b097_4>
...
001 (065.000.000) 03/03 09:06:56 Job executing on host: <128.83.120.243:9618?addrs=128.83.120.243-9618+[--1]-9618&noUDP&sock=1280_8d50_3>
...
006 (065.000.000) 03/03 09:07:04 Image size of job updated: 103468
	40  -  MemoryUsage of job (MB)
	39964  -  ResidentSetSize of job (KB)
...
006 (065.000.000) 03/03 09:09:49 Image size of job updated: 4242092
	40  -  MemoryUsage of job (MB)
	39964  -  ResidentSetSize of job (KB)
...
005 (065.000.000) 03/03 09:09:49 Job terminated.
	(1) Normal termination (return value 0)
		Usr 0 00:03:39, Sys 0 00:00:38  -  Run Remote Usage
		Usr 0 00:00:00, Sys 0 00:00:00  -  Run Local Usage
		Usr 0 00:03:39, Sys 0 00:00:38  -  Total Remote Usage
		Usr 0 00:00:00, Sys 0 00:00:00  -  Total Local Usage
	0  -  Run Bytes Sent By Job
	0  -  Run Bytes Received By Job
	0  -  Total Bytes Sent By Job
	0  -  Total Bytes Received By Job
	Partitionable Resources :    Usage  Request Allocated
	   Cpus                 :                 1         6
	   Disk (KB)            :     1250     1250 188959944
	   Gpus                 :                 1         1
	   Memory (MB)          :       40        2     32164
...
000 (066.000.000) 03/03 09:11:05 Job submitted from host: <128.83.144.63:9618?addrs=128.83.144.63-9618+[--1]-9618&noUDP&sock=22274_b097_4>
...
001 (066.000.000) 03/03 09:11:25 Job executing on host: <128.83.139.18:9618?addrs=128.83.139.18-9618+[--1]-9618&noUDP&sock=1226_8333_3>
...
006 (066.000.000) 03/03 09:11:34 Image size of job updated: 157268
	86  -  MemoryUsage of job (MB)
	87484  -  ResidentSetSize of job (KB)
...
006 (066.000.000) 03/03 09:14:34 Image size of job updated: 323176
	86  -  MemoryUsage of job (MB)
	87492  -  ResidentSetSize of job (KB)
...
005 (066.000.000) 03/03 09:14:34 Job terminated.
	(1) Normal termination (return value 0)
		Usr 0 00:04:03, Sys 0 00:00:33  -  Run Remote Usage
		Usr 0 00:00:00, Sys 0 00:00:00  -  Run Local Usage
		Usr 0 00:04:03, Sys 0 00:00:33  -  Total Remote Usage
		Usr 0 00:00:00, Sys 0 00:00:00  -  Total Local Usage
	0  -  Run Bytes Sent By Job
	0  -  Run Bytes Received By Job
	0  -  Total Bytes Sent By Job
	0  -  Total Bytes Received By Job
	Partitionable Resources :    Usage  Request Allocated
	   Cpus                 :                 1         4
	   Disk (KB)            :     1250     1250 198106766
	   Gpus                 :                 1         1
	   Memory (MB)          :       86        2     28153
...
000 (067.000.000) 03/03 09:15:14 Job submitted from host: <128.83.144.63:9618?addrs=128.83.144.63-9618+[--1]-9618&noUDP&sock=22274_b097_4>
...
001 (067.000.000) 03/03 09:15:20 Job executing on host: <128.83.120.245:9618?addrs=128.83.120.245-9618+[--1]-9618&noUDP&sock=1265_4364_3>
...
006 (067.000.000) 03/03 09:15:29 Image size of job updated: 143548
	58  -  MemoryUsage of job (MB)
	58376  -  ResidentSetSize of job (KB)
...
006 (067.000.000) 03/03 09:20:30 Image size of job updated: 1192192
	723  -  MemoryUsage of job (MB)
	740272  -  ResidentSetSize of job (KB)
...
005 (067.000.000) 03/03 09:20:47 Job terminated.
	(1) Normal termination (return value 0)
		Usr 0 00:07:42, Sys 0 00:00:52  -  Run Remote Usage
		Usr 0 00:00:00, Sys 0 00:00:00  -  Run Local Usage
		Usr 0 00:07:42, Sys 0 00:00:52  -  Total Remote Usage
		Usr 0 00:00:00, Sys 0 00:00:00  -  Total Local Usage
	0  -  Run Bytes Sent By Job
	0  -  Run Bytes Received By Job
	0  -  Total Bytes Sent By Job
	0  -  Total Bytes Received By Job
	Partitionable Resources :    Usage  Request Allocated
	   Cpus                 :                 1         6
	   Disk (KB)            :     1250     1250 188983160
	   Gpus                 :                 1         1
	   Memory (MB)          :      723        2     32164
...
000 (068.000.000) 03/03 09:27:38 Job submitted from host: <128.83.144.63:9618?addrs=128.83.144.63-9618+[--1]-9618&noUDP&sock=22274_b097_4>
...
000 (069.000.000) 03/03 09:28:32 Job submitted from host: <128.83.144.63:9618?addrs=128.83.144.63-9618+[--1]-9618&noUDP&sock=22274_b097_4>
...
000 (070.000.000) 03/03 09:45:00 Job submitted from host: <128.83.144.63:9618?addrs=128.83.144.63-9618+[--1]-9618&noUDP&sock=22274_b097_4>
...
009 (068.000.000) 03/03 09:45:30 Job was aborted by the user.
	via condor_rm (by user mgiordan)
...
009 (069.000.000) 03/03 09:45:30 Job was aborted by the user.
	via condor_rm (by user mgiordan)
...
001 (070.000.000) 03/03 09:48:06 Job executing on host: <128.83.139.18:9618?addrs=128.83.139.18-9618+[--1]-9618&noUDP&sock=1226_8333_3>
...
006 (070.000.000) 03/03 09:48:14 Image size of job updated: 163660
	86  -  MemoryUsage of job (MB)
	87108  -  ResidentSetSize of job (KB)
...
006 (070.000.000) 03/03 09:53:14 Image size of job updated: 1149072
	723  -  MemoryUsage of job (MB)
	739336  -  ResidentSetSize of job (KB)
...
006 (070.000.000) 03/03 09:55:04 Image size of job updated: 1149076
	723  -  MemoryUsage of job (MB)
	739336  -  ResidentSetSize of job (KB)
...
005 (070.000.000) 03/03 09:55:04 Job terminated.
	(1) Normal termination (return value 0)
		Usr 0 00:09:43, Sys 0 00:01:05  -  Run Remote Usage
		Usr 0 00:00:00, Sys 0 00:00:00  -  Run Local Usage
		Usr 0 00:09:43, Sys 0 00:01:05  -  Total Remote Usage
		Usr 0 00:00:00, Sys 0 00:00:00  -  Total Local Usage
	0  -  Run Bytes Sent By Job
	0  -  Run Bytes Received By Job
	0  -  Total Bytes Sent By Job
	0  -  Total Bytes Received By Job
	Partitionable Resources :    Usage  Request Allocated
	   Cpus                 :                 1         4
	   Disk (KB)            :     1250     1250 198106822
	   Gpus                 :                 1         1
	   Memory (MB)          :      723        2     28153
...
000 (071.000.000) 03/03 09:55:49 Job submitted from host: <128.83.144.63:9618?addrs=128.83.144.63-9618+[--1]-9618&noUDP&sock=22274_b097_4>
...
001 (071.000.000) 03/03 09:57:54 Job executing on host: <128.83.120.237:9618?addrs=128.83.120.237-9618+[--1]-9618&noUDP&sock=1251_a911_3>
...
006 (071.000.000) 03/03 09:58:03 Image size of job updated: 160172
	89  -  MemoryUsage of job (MB)
	90412  -  ResidentSetSize of job (KB)
...
006 (071.000.000) 03/03 10:03:04 Image size of job updated: 322952
	186  -  MemoryUsage of job (MB)
	189532  -  ResidentSetSize of job (KB)
...
004 (071.000.000) 03/03 10:04:13 Job was evicted.
	(0) Job was not checkpointed.
		Usr 0 00:09:18, Sys 0 00:01:31  -  Run Remote Usage
		Usr 0 00:00:00, Sys 0 00:00:00  -  Run Local Usage
	0  -  Run Bytes Sent By Job
	0  -  Run Bytes Received By Job
	Partitionable Resources :    Usage  Request Allocated
	   Cpus                 :                 1         6
	   Disk (KB)            :     1250     1250 188983182
	   Gpus                 :                 1         1
	   Memory (MB)          :      186        2     32164
...
009 (071.000.000) 03/03 10:04:13 Job was aborted by the user.
	via condor_rm (by user mgiordan)
...
000 (072.000.000) 03/03 10:04:31 Job submitted from host: <128.83.144.63:9618?addrs=128.83.144.63-9618+[--1]-9618&noUDP&sock=22274_b097_4>
...
001 (072.000.000) 03/03 10:05:52 Job executing on host: <128.83.144.2:9618?addrs=128.83.144.2-9618+[--1]-9618&noUDP&sock=1076_9ffe_3>
...
006 (072.000.000) 03/03 10:06:01 Image size of job updated: 160636
	89  -  MemoryUsage of job (MB)
	90664  -  ResidentSetSize of job (KB)
...
006 (072.000.000) 03/03 10:11:02 Image size of job updated: 320352
	183  -  MemoryUsage of job (MB)
	187076  -  ResidentSetSize of job (KB)
...
006 (072.000.000) 03/03 10:16:02 Image size of job updated: 320376
	183  -  MemoryUsage of job (MB)
	187100  -  ResidentSetSize of job (KB)
...
006 (072.000.000) 03/03 10:26:03 Image size of job updated: 320384
	183  -  MemoryUsage of job (MB)
	187108  -  ResidentSetSize of job (KB)
...
005 (072.000.000) 03/03 10:37:27 Job terminated.
	(1) Normal termination (return value 0)
		Usr 0 00:37:41, Sys 0 00:02:41  -  Run Remote Usage
		Usr 0 00:00:00, Sys 0 00:00:00  -  Run Local Usage
		Usr 0 00:37:41, Sys 0 00:02:41  -  Total Remote Usage
		Usr 0 00:00:00, Sys 0 00:00:00  -  Total Local Usage
	0  -  Run Bytes Sent By Job
	0  -  Run Bytes Received By Job
	0  -  Total Bytes Sent By Job
	0  -  Total Bytes Received By Job
	Partitionable Resources :    Usage  Request Allocated
	   Cpus                 :                 1         1
	   Disk (KB)            :     1250     1250   4946758
	   Gpus                 :                           0
	   Memory (MB)          :      183        2      4025
...
000 (073.000.000) 03/03 11:44:10 Job submitted from host: <128.83.144.63:9618?addrs=128.83.144.63-9618+[--1]-9618&noUDP&sock=22274_b097_4>
...
001 (073.000.000) 03/03 11:44:18 Job executing on host: <128.83.139.18:9618?addrs=128.83.139.18-9618+[--1]-9618&noUDP&sock=1226_8333_3>
...
006 (073.000.000) 03/03 11:44:27 Image size of job updated: 34896
	35  -  MemoryUsage of job (MB)
	34896  -  ResidentSetSize of job (KB)
...
006 (073.000.000) 03/03 11:49:29 Image size of job updated: 188488
	185  -  MemoryUsage of job (MB)
	188488  -  ResidentSetSize of job (KB)
...
006 (073.000.000) 03/03 11:54:29 Image size of job updated: 188540
	185  -  MemoryUsage of job (MB)
	188540  -  ResidentSetSize of job (KB)
...
006 (073.000.000) 03/03 11:59:29 Image size of job updated: 188564
	185  -  MemoryUsage of job (MB)
	188564  -  ResidentSetSize of job (KB)
...
006 (073.000.000) 03/03 12:09:31 Image size of job updated: 188584
	185  -  MemoryUsage of job (MB)
	188584  -  ResidentSetSize of job (KB)
...
006 (073.000.000) 03/03 12:14:31 Image size of job updated: 188592
	185  -  MemoryUsage of job (MB)
	188592  -  ResidentSetSize of job (KB)
...
006 (073.000.000) 03/03 12:19:31 Image size of job updated: 188608
	185  -  MemoryUsage of job (MB)
	188608  -  ResidentSetSize of job (KB)
...
006 (073.000.000) 03/03 12:24:33 Image size of job updated: 188620
	185  -  MemoryUsage of job (MB)
	188620  -  ResidentSetSize of job (KB)
...
006 (073.000.000) 03/03 12:29:33 Image size of job updated: 188624
	185  -  MemoryUsage of job (MB)
	188624  -  ResidentSetSize of job (KB)
...
006 (073.000.000) 03/03 12:39:34 Image size of job updated: 188640
	185  -  MemoryUsage of job (MB)
	188640  -  ResidentSetSize of job (KB)
...
006 (073.000.000) 03/03 12:54:35 Image size of job updated: 188656
	185  -  MemoryUsage of job (MB)
	188656  -  ResidentSetSize of job (KB)
...
022 (073.000.000) 03/03 13:23:13 Job disconnected, attempting to reconnect
    Local schedd and job shadow died, schedd now running again
    Trying to reconnect to slot1@eldar-7.cs.utexas.edu <128.83.139.18:9618?addrs=128.83.139.18-9618+[--1]-9618&noUDP&sock=1226_8333_3>
...
023 (073.000.000) 03/03 13:23:13 Job reconnected to slot1@eldar-7.cs.utexas.edu
    startd address: <128.83.139.18:9618?addrs=128.83.139.18-9618+[--1]-9618&noUDP&sock=1226_8333_3>
    starter address: <128.83.139.18:9618?addrs=128.83.139.18-9618+[--1]-9618&noUDP&sock=1233_828b_4495>
...
004 (073.000.000) 03/03 14:00:08 Job was evicted.
	(0) Job was not checkpointed.
		Usr 0 03:13:20, Sys 0 00:24:57  -  Run Remote Usage
		Usr 0 00:00:00, Sys 0 00:00:00  -  Run Local Usage
	0  -  Run Bytes Sent By Job
	0  -  Run Bytes Received By Job
	Partitionable Resources :    Usage  Request          
	   Cpus                 :                 1          
	   Disk (KB)            :     1250     1250          
	   Memory (MB)          :      196      196          
...
009 (073.000.000) 03/03 14:00:08 Job was aborted by the user.
	via condor_rm (by user mgiordan)
...
000 (074.000.000) 03/03 14:05:04 Job submitted from host: <128.83.144.63:9618?addrs=128.83.144.63-9618+[--1]-9618&noUDP&sock=28138_e7f3_4>
...
001 (074.000.000) 03/03 14:07:36 Job executing on host: <128.83.120.133:9618?addrs=128.83.120.133-9618+[--1]-9618&noUDP&sock=1239_6dee_3>
...
006 (074.000.000) 03/03 14:07:44 Image size of job updated: 105324
	42  -  MemoryUsage of job (MB)
	42092  -  ResidentSetSize of job (KB)
...
006 (074.000.000) 03/03 14:12:44 Image size of job updated: 364804
	226  -  MemoryUsage of job (MB)
	230800  -  ResidentSetSize of job (KB)
...
004 (074.000.000) 03/03 14:15:39 Job was evicted.
	(0) Job was not checkpointed.
		Usr 0 00:07:35, Sys 0 00:00:09  -  Run Remote Usage
		Usr 0 00:00:00, Sys 0 00:00:00  -  Run Local Usage
	0  -  Run Bytes Sent By Job
	0  -  Run Bytes Received By Job
	Partitionable Resources :    Usage  Request Allocated
	   Cpus                 :                 1         6
	   Disk (KB)            :     1250     1250 198106842
	   Gpus                 :                 1         1
	   Memory (MB)          :      226        2     32164
...
009 (074.000.000) 03/03 14:15:39 Job was aborted by the user.
	via condor_rm (by user mgiordan)
...
000 (075.000.000) 03/03 14:16:59 Job submitted from host: <128.83.144.63:9618?addrs=128.83.144.63-9618+[--1]-9618&noUDP&sock=28138_e7f3_4>
...
001 (075.000.000) 03/03 14:29:05 Job executing on host: <128.83.120.81:9618?addrs=128.83.120.81-9618+[--1]-9618&noUDP&sock=1281_3ce8_3>
...
006 (075.000.000) 03/03 14:29:14 Image size of job updated: 149308
	80  -  MemoryUsage of job (MB)
	81528  -  ResidentSetSize of job (KB)
...
006 (075.000.000) 03/03 14:34:15 Image size of job updated: 364912
	226  -  MemoryUsage of job (MB)
	230836  -  ResidentSetSize of job (KB)
...
006 (075.000.000) 03/03 14:39:15 Image size of job updated: 365632
	227  -  MemoryUsage of job (MB)
	231556  -  ResidentSetSize of job (KB)
...
006 (075.000.000) 03/03 14:44:16 Image size of job updated: 366364
	227  -  MemoryUsage of job (MB)
	232288  -  ResidentSetSize of job (KB)
...
006 (075.000.000) 03/03 14:49:17 Image size of job updated: 367084
	228  -  MemoryUsage of job (MB)
	233008  -  ResidentSetSize of job (KB)
...
006 (075.000.000) 03/03 14:54:17 Image size of job updated: 368000
	229  -  MemoryUsage of job (MB)
	233924  -  ResidentSetSize of job (KB)
...
006 (075.000.000) 03/03 14:59:17 Image size of job updated: 368724
	230  -  MemoryUsage of job (MB)
	234648  -  ResidentSetSize of job (KB)
...
006 (075.000.000) 03/03 15:04:18 Image size of job updated: 369440
	230  -  MemoryUsage of job (MB)
	235364  -  ResidentSetSize of job (KB)
...
006 (075.000.000) 03/03 15:09:19 Image size of job updated: 370160
	231  -  MemoryUsage of job (MB)
	236084  -  ResidentSetSize of job (KB)
...
006 (075.000.000) 03/03 15:14:19 Image size of job updated: 375996
	237  -  MemoryUsage of job (MB)
	241920  -  ResidentSetSize of job (KB)
...
006 (075.000.000) 03/03 15:19:20 Image size of job updated: 376708
	237  -  MemoryUsage of job (MB)
	242632  -  ResidentSetSize of job (KB)
...
006 (075.000.000) 03/03 15:24:21 Image size of job updated: 377412
	238  -  MemoryUsage of job (MB)
	243336  -  ResidentSetSize of job (KB)
...
006 (075.000.000) 03/03 15:29:21 Image size of job updated: 378124
	239  -  MemoryUsage of job (MB)
	244048  -  ResidentSetSize of job (KB)
...
006 (075.000.000) 03/03 15:34:21 Image size of job updated: 378836
	240  -  MemoryUsage of job (MB)
	244760  -  ResidentSetSize of job (KB)
...
006 (075.000.000) 03/03 15:39:22 Image size of job updated: 379544
	240  -  MemoryUsage of job (MB)
	245468  -  ResidentSetSize of job (KB)
...
006 (075.000.000) 03/03 15:44:22 Image size of job updated: 380256
	241  -  MemoryUsage of job (MB)
	246180  -  ResidentSetSize of job (KB)
...
006 (075.000.000) 03/03 15:49:22 Image size of job updated: 380964
	242  -  MemoryUsage of job (MB)
	246888  -  ResidentSetSize of job (KB)
...
